<?xml version="1.0" encoding="UTF-8"?>
<testng-results ignored="0" total="3" passed="1" failed="2" skipped="0">
  <reporter-output>
  </reporter-output>
  <suite started-at="2025-07-16T15:15:52 IST" name="Default suite" finished-at="2025-07-16T15:17:06 IST" duration-ms="73982">
    <groups>
      <group name="cucumber">
        <method signature="AbstractTestNGCucumberTests.runScenario(io.cucumber.testng.PickleWrapper,io.cucumber.testng.FeatureWrapper)[pri:0, instance:com.TestNg.TestNGRunner@682b2fa]" name="runScenario" class="io.cucumber.testng.AbstractTestNGCucumberTests"/>
      </group> <!-- cucumber -->
    </groups>
    <test started-at="2025-07-16T15:15:52 IST" name="Default test" finished-at="2025-07-16T15:17:06 IST" duration-ms="73982">
      <class name="com.TestNg.TestNGRunner">
        <test-method is-config="true" signature="setUpClass(org.testng.ITestContext)[pri:0, instance:com.TestNg.TestNGRunner@682b2fa]" started-at="2025-07-16T15:15:52 IST" name="setUpClass" finished-at="2025-07-16T15:15:52 IST" duration-ms="235" status="PASS">
          <params>
            <param index="0">
              <value>
                <![CDATA[org.testng.TestRunner@2629d5dc]]>
              </value>
            </param>
          </params>
          <reporter-output>
          </reporter-output>
        </test-method> <!-- setUpClass -->
        <test-method signature="runScenario(io.cucumber.testng.PickleWrapper,io.cucumber.testng.FeatureWrapper)[pri:0, instance:com.TestNg.TestNGRunner@682b2fa]" started-at="2025-07-16T15:15:52 IST" name="runScenario" description="Runs Cucumber Scenarios" data-provider="scenarios" finished-at="2025-07-16T15:16:14 IST" duration-ms="21606" status="FAIL">
          <params>
            <param index="0">
              <value>
                <![CDATA["Search WebDevelopment and retrieve info of first two course card"]]>
              </value>
            </param>
            <param index="1">
              <value>
                <![CDATA["Coursera Website Automation"]]>
              </value>
            </param>
          </params>
          <exception class="java.lang.IndexOutOfBoundsException">
            <message>
              <![CDATA[Index 0 out of bounds for length 0]]>
            </message>
            <full-stacktrace>
              <![CDATA[java.lang.IndexOutOfBoundsException: Index 0 out of bounds for length 0
at java.base/jdk.internal.util.Preconditions.outOfBounds(Preconditions.java:100)
at java.base/jdk.internal.util.Preconditions.outOfBoundsCheckIndex(Preconditions.java:106)
at java.base/jdk.internal.util.Preconditions.checkIndex(Preconditions.java:302)
at java.base/java.util.Objects.checkIndex(Objects.java:385)
at java.base/java.util.ArrayList.get(ArrayList.java:427)
at java.base/jdk.internal.reflect.DirectMethodHandleAccessor.invoke(DirectMethodHandleAccessor.java:103)
at java.base/java.lang.reflect.Method.invoke(Method.java:580)
at org.openqa.selenium.support.pagefactory.internal.LocatingElementListHandler.invoke(LocatingElementListHandler.java:39)
at jdk.proxy2/jdk.proxy2.$Proxy23.get(Unknown Source)
at com.CTS.Pges.WebDevelopmentPage.printingTheDesiredResult(WebDevelopmentPage.java:90)
at com.Cognizant.cucumber.steps.StepDefinationFile.verifyIfableToRetrieveIfoOfFirstTwoCards(StepDefinationFile.java:52)
at ✽.I should retrieve details of the first two course cards(file:///C:/Users/2408354/git/Team_ChatureBhature_IdentifyCourses/IdentifyCourses.Coursera.org/src/test/resources/Feature/Coursera.feature:6)
]]>
            </full-stacktrace>
          </exception> <!-- java.lang.IndexOutOfBoundsException -->
          <reporter-output>
          </reporter-output>
        </test-method> <!-- runScenario -->
        <test-method signature="runScenario(io.cucumber.testng.PickleWrapper,io.cucumber.testng.FeatureWrapper)[pri:0, instance:com.TestNg.TestNGRunner@682b2fa]" started-at="2025-07-16T15:16:14 IST" name="runScenario" description="Runs Cucumber Scenarios" data-provider="scenarios" finished-at="2025-07-16T15:16:40 IST" duration-ms="25942" status="PASS">
          <params>
            <param index="0">
              <value>
                <![CDATA["Search Language Learning and get all languages"]]>
              </value>
            </param>
            <param index="1">
              <value>
                <![CDATA["Coursera Website Automation"]]>
              </value>
            </param>
          </params>
          <reporter-output>
          </reporter-output>
        </test-method> <!-- runScenario -->
        <test-method signature="runScenario(io.cucumber.testng.PickleWrapper,io.cucumber.testng.FeatureWrapper)[pri:0, instance:com.TestNg.TestNGRunner@682b2fa]" started-at="2025-07-16T15:16:40 IST" name="runScenario" description="Runs Cucumber Scenarios" data-provider="scenarios" finished-at="2025-07-16T15:17:06 IST" duration-ms="26141" status="FAIL">
          <params>
            <param index="0">
              <value>
                <![CDATA["Submit invalid form on Coursera.org For Enterprise page"]]>
              </value>
            </param>
            <param index="1">
              <value>
                <![CDATA["Coursera Website Automation"]]>
              </value>
            </param>
          </params>
          <exception class="io.cucumber.testng.UndefinedStepException">
            <message>
              <![CDATA[The step 'I fill the contact form with invalid details like firstName, lastName, email, phoneNo, title, name' is undefined.
You can implement this step using the snippet(s) below:

@When("I fill the contact form with invalid details like firstName, lastName, email, phoneNo, title, name")
public void i_fill_the_contact_form_with_invalid_details_like_first_name_last_name_email_phone_no_title_name() {
    // Write code here that turns the phrase above into concrete actions
    throw new io.cucumber.java.PendingException();
}
]]>
            </message>
            <full-stacktrace>
              <![CDATA[io.cucumber.testng.UndefinedStepException: The step 'I fill the contact form with invalid details like firstName, lastName, email, phoneNo, title, name' is undefined.
You can implement this step using the snippet(s) below:

@When("I fill the contact form with invalid details like firstName, lastName, email, phoneNo, title, name")
public void i_fill_the_contact_form_with_invalid_details_like_first_name_last_name_email_phone_no_title_name() {
    // Write code here that turns the phrase above into concrete actions
    throw new io.cucumber.java.PendingException();
}

at ✽.I fill the contact form with invalid details like firstName, lastName, email, phoneNo, title, name(file:///C:/Users/2408354/git/Team_ChatureBhature_IdentifyCourses/IdentifyCourses.Coursera.org/src/test/resources/Feature/Coursera.feature:16)
]]>
            </full-stacktrace>
          </exception> <!-- io.cucumber.testng.UndefinedStepException -->
          <reporter-output>
          </reporter-output>
        </test-method> <!-- runScenario -->
        <test-method is-config="true" signature="tearDownClass()[pri:0, instance:com.TestNg.TestNGRunner@682b2fa]" started-at="2025-07-16T15:17:06 IST" name="tearDownClass" finished-at="2025-07-16T15:17:06 IST" duration-ms="6" status="PASS">
          <reporter-output>
          </reporter-output>
        </test-method> <!-- tearDownClass -->
      </class> <!-- com.TestNg.TestNGRunner -->
    </test> <!-- Default test -->
  </suite> <!-- Default suite -->
</testng-results>
