<?xml version="1.0" encoding="UTF-8"?>
<!-- Generated by org.testng.reporters.JUnitXMLReporter -->
<testsuite ignored="0" hostname="LTIN526565" failures="0" tests="3" name="Default test" time="156.357" errors="0" timestamp="2025-07-17T14:18:23 IST">
  <testcase classname="com.CTS.TestNg.TestNGRunner" name="runScenario" time="44.899"/>
  <testcase classname="com.CTS.TestNg.TestNGRunner" name="runScenario" time="41.05"/>
  <testcase classname="com.CTS.TestNg.TestNGRunner" name="runScenario" time="70.043"/>
</testsuite> <!-- Default test -->
